<?xml version="1.0" encoding="UTF-8" ?>
<testsuite errors="0" failures="0" hostname="VIRTUS01-PC" name="tests.Tests" skipped="0" tests="6" time="0.149" timestamp="2020-12-05T16:36:16">
  <properties>
[...]
</properties>
  <testcase classname="tests.Tests" name="adicionarValorValido" time="0.034" />
  <testcase classname="tests.Tests" name="adicionarValorMenorQueZero" time="0.0" />
  <testcase classname="tests.Tests" name="removerComSucesso" time="0.001" />
  <testcase classname="tests.Tests" name="testarTamanhoComSucesso" time="0.0" />
  <testcase classname="tests.Tests" name="adicionarZero" time="0.0" />
  <testcase classname="tests.Tests" name="removerDeListaVazia" time="0.0" />
  <system-out><![CDATA[2.8776175832526265
3
-1
]]></system-out>
  <system-err><![CDATA[]]></system-err>
</testsuite>
